<?xml version="1.0" encoding="UTF-8"?>
<testsuite xmlns:xsi="http://www.w3.org/2001/XMLSchema-instance" xsi:noNamespaceSchemaLocation="https://maven.apache.org/surefire/maven-surefire-plugin/xsd/surefire-test-report-3.0.xsd" version="3.0" name="com.example.studentmanager.ConsoleStudentPrinterTest" time="0.18" tests="2" errors="0" skipped="0" failures="0">
  <properties>
[...]
</properties>
  <testcase name="testPrintEmptyList" classname="com.example.studentmanager.ConsoleStudentPrinterTest" time="0.018">
    <system-out><![CDATA[No hay estudiantes registrados.
]]></system-out>
  </testcase>
  <testcase name="testPrintStudent" classname="com.example.studentmanager.ConsoleStudentPrinterTest" time="0.007">
    <system-out><![CDATA[Estudiante: Valido, CalificaciÃ³n: 95.0
]]></system-out>
  </testcase>
</testsuite>